Copyright 1986-2016 Xilinx, Inc. All Rights Reserved.
---------------------------------------------------------------------------------------
| Tool Version : Vivado v.2016.4 (win64) Build 1756540 Mon Jan 23 19:11:23 MST 2017
| Date         : Tue Aug 22 23:32:03 2017
| Host         : DESKTOP-IKHJVVB running 64-bit major release  (build 9200)
| Command      : report_control_sets -verbose -file top_module_control_sets_placed.rpt
| Design       : top_module
| Device       : xc7a100t
---------------------------------------------------------------------------------------

Control Set Information

Table of Contents
-----------------
1. Summary
2. Flip-Flop Distribution
3. Detailed Control Set Information

1. Summary
----------

+----------------------------------------------------------+-------+
|                          Status                          | Count |
+----------------------------------------------------------+-------+
| Number of unique control sets                            |    59 |
| Unused register locations in slices containing registers |   170 |
+----------------------------------------------------------+-------+


2. Flip-Flop Distribution
-------------------------

+--------------+-----------------------+------------------------+-----------------+--------------+
| Clock Enable | Synchronous Set/Reset | Asynchronous Set/Reset | Total Registers | Total Slices |
+--------------+-----------------------+------------------------+-----------------+--------------+
| No           | No                    | No                     |              85 |           45 |
| No           | No                    | Yes                    |               4 |            3 |
| No           | Yes                   | No                     |             319 |           89 |
| Yes          | No                    | No                     |              32 |            9 |
| Yes          | No                    | Yes                    |              30 |           11 |
| Yes          | Yes                   | No                     |             200 |           75 |
+--------------+-----------------------+------------------------+-----------------+--------------+


3. Detailed Control Set Information
-----------------------------------

+-------------------------------+-------------------------------------------------------------------------------------------------------------------+--------------------------------------------------------------------------+------------------+----------------+
|          Clock Signal         |                                                   Enable Signal                                                   |                             Set/Reset Signal                             | Slice Load Count | Bel Load Count |
+-------------------------------+-------------------------------------------------------------------------------------------------------------------+--------------------------------------------------------------------------+------------------+----------------+
|  CLK100MHZ_IBUF_BUFG          | salidita/kbd_ms_inst/m_ps2read/data_in_counter[3]_i_1__0_n_0                                                      |                                                                          |                1 |              4 |
|  CLK100MHZ_IBUF_BUFG          | salidita/kbd_ms_inst/m_ps2read/E[0]                                                                               | salidita/kbd_ms_inst/m_ps2read/kds_state_machine_reg[1][0]               |                2 |              4 |
|  CLK25MHZ                     | pantalla/pianito_inst/graban2/push_menu_minimat_y[7]_i_2__4_n_0                                                   | pantalla/pianito_inst/graban2/push_menu_minimat_y[3]_i_1__3_n_0          |                2 |              4 |
|  clk_divider_2_inst/I132      |                                                                                                                   |                                                                          |                1 |              4 |
|  CLK25MHZ                     | pantalla/pianito_inst/esk/push_menu_minimat_y[7]_i_2__5_n_0                                                       | pantalla/pianito_inst/esk/push_menu_minimat_y[3]_i_1__4_n_0              |                2 |              4 |
|  CLK25MHZ                     | pantalla/m_driver/pixel_y_to_show_reg[0]                                                                          | pantalla/m_driver/push_menu_minimat_y_reg[3]                             |                2 |              4 |
|  CLK25MHZ                     | pantalla/menu_inst/show_one_line_inst2/pixel_y_to_show_reg[0]_0                                                   | pantalla/menu_inst/show_one_line_inst2/push_menu_minimat_y[6]_i_1__0_n_0 |                2 |              4 |
|  CLK100MHZ_IBUF_BUFG          | kbd_ms_inst/m_ps2read/data_in_counter[3]_i_1_n_0                                                                  |                                                                          |                1 |              4 |
|  CLK100MHZ_IBUF_BUFG          | kbd_ms_inst/m_ps2read/E[0]                                                                                        | kbd_ms_inst/m_ps2read/AR[0]                                              |                2 |              4 |
|  CLK25MHZ                     | pantalla/pianito_inst/graban2/graban2/                                                                            | pantalla/pianito_inst/graban2/push_menu_minimat_x[2]_i_1__5_n_0          |                2 |              5 |
|  CLK25MHZ                     | pantalla/pianito_inst/esk/esk/                                                                                    | pantalla/m_driver/push_menu_minimat_x_reg[0]_1                           |                2 |              5 |
|  CLK25MHZ                     | pantalla/menu_inst/show_one_line_inst5/show_one_line_inst5/                                                       | pantalla/menu_inst/show_one_line_inst5/push_menu_minimat_x[2]_i_1_n_0    |                2 |              5 |
|  CLK25MHZ                     | pantalla/menu_inst/show_one_line_inst2/show_one_line_inst2/                                                       | pantalla/menu_inst/show_one_line_inst2/push_menu_minimat_x[2]_i_1__0_n_0 |                2 |              5 |
|  CLK25MHZ                     | pantalla/menu_inst/show_one_line_inst1/show_one_line_inst1/                                                       | pantalla/menu_inst/show_one_line_inst1/push_menu_minimat_x[2]_i_1__1_n_0 |                2 |              5 |
|  CLK25MHZ                     | pantalla/menu_inst/show_one_line_inst1/push_menu_minimat_y[7]_i_2__0_n_0                                          | pantalla/menu_inst/show_one_line_inst1/push_menu_minimat_y[7]_i_1__0_n_0 |                3 |              5 |
|  CLK25MHZ                     | pantalla/menu_inst/show_one_line_inst2/pixel_y_to_show_reg[0]_0                                                   | pantalla/m_driver/push_menu_minimat_y_reg[0]_2                           |                2 |              5 |
|  CLK25MHZ                     | pantalla/menu_inst/show_one_line_inst3/show_one_line_inst3/                                                       | pantalla/m_driver/push_menu_minimat_x_reg[7]_4                           |                2 |              5 |
|  CLK25MHZ                     | pantalla/menu_inst/show_one_line_inst3/push_menu_minimat_y[7]_i_2__1_n_0                                          | pantalla/menu_inst/show_one_line_inst3/push_menu_minimat_y[7]_i_1__1_n_0 |                2 |              5 |
|  CLK25MHZ                     | pantalla/menu_inst/show_one_line_inst5/push_menu_minimat_y[7]_i_2__3_n_0                                          | pantalla/menu_inst/show_one_line_inst5/push_menu_minimat_y[6]_i_1__4_n_0 |                1 |              5 |
|  CLK25MHZ                     | pantalla/menu_inst/show_one_line_inst3/show_one_line_inst3/                                                       | pantalla/menu_inst/show_one_line_inst3/push_menu_minimat_x[5]_i_1__1_n_0 |                3 |              6 |
|  CLK25MHZ                     | pantalla/menu_inst/show_one_line_inst1/push_menu_minimat_y[7]_i_2__0_n_0                                          | pantalla/m_driver/push_menu_minimat_y_reg[6]                             |                1 |              6 |
|  CLK25MHZ                     | pantalla/menu_inst/show_one_line_inst1/show_one_line_inst1/                                                       | pantalla/m_driver/push_menu_minimat_x_reg[7]_3                           |                1 |              6 |
|  CLK25MHZ                     | pantalla/menu_inst/show_one_line_inst2/push_menu_minimat_x[2]_i_1__0_n_0                                          | pantalla/m_driver/push_menu_minimat_x_reg[7]                             |                2 |              6 |
|  CLK25MHZ                     | pantalla/menu_inst/show_one_line_inst2/show_one_line_inst2/                                                       | pantalla/m_driver/push_menu_minimat_x_reg[7]                             |                2 |              6 |
|  CLK25MHZ                     | pantalla/m_driver/pixel_y_to_show_reg[0]                                                                          | pantalla/m_driver/push_menu_minimat_y_reg[7]_1                           |                2 |              6 |
|  CLK25MHZ                     | pantalla/menu_inst/show_one_line_inst5/show_one_line_inst5/                                                       | pantalla/m_driver/n_0_1651                                               |                2 |              6 |
|  CLK25MHZ                     | pantalla/pianito_inst/esk/push_menu_minimat_y[7]_i_2__5_n_0                                                       | pantalla/m_driver/push_menu_minimat_y_reg[7]_3                           |                2 |              6 |
|  CLK25MHZ                     | pantalla/pianito_inst/esk/menu_character_position_x[5]_i_2__0_n_0                                                 | pantalla/pianito_inst/esk/menu_character_position_x[5]_i_1__3_n_0        |                3 |              6 |
|  CLK25MHZ                     | pantalla/pianito_inst/esk/esk/                                                                                    | pantalla/pianito_inst/esk/push_menu_minimat_x[4]_i_1__5_n_0              |                3 |              6 |
|  CLK25MHZ                     | pantalla/menu_inst/show_one_line_inst1/push_menu_minimat_x[2]_i_1__1_n_0                                          | pantalla/m_driver/push_menu_minimat_x_reg[7]_3                           |                2 |              6 |
|  CLK25MHZ                     | pantalla/pianito_inst/graban2/menu_character_position_x[5]_i_2__1_n_0                                             | pantalla/pianito_inst/graban2/menu_character_position_x[5]_i_1__4_n_0    |                3 |              6 |
|  CLK25MHZ                     | pantalla/menu_inst/show_one_line_inst4/push_menu_minimat_x[7]_i_1__1_n_0                                          | pantalla/m_driver/menu_character_position_x_reg[5]                       |                2 |              6 |
|  CLK25MHZ                     | pantalla/menu_inst/show_one_line_inst5/push_menu_minimat_x[2]_i_1_n_0                                             | pantalla/m_driver/n_0_1651                                               |                2 |              6 |
|  CLK25MHZ                     | pantalla/pianito_inst/graban2/graban2/                                                                            | pantalla/m_driver/push_menu_minimat_x_reg[0]_2                           |                2 |              6 |
|  CLK25MHZ                     | pantalla/menu_inst/show_one_line_inst5/push_menu_minimat_y[7]_i_2__3_n_0                                          | pantalla/m_driver/push_menu_minimat_y_reg[0]                             |                2 |              6 |
|  CLK25MHZ                     | pantalla/menu_inst/show_one_line_inst3/push_menu_minimat_x[5]_i_1__1_n_0                                          | pantalla/m_driver/push_menu_minimat_x_reg[7]_4                           |                2 |              6 |
|  CLK25MHZ                     | pantalla/menu_inst/show_one_line_inst3/push_menu_minimat_y[7]_i_2__1_n_0                                          | pantalla/m_driver/push_menu_minimat_y_reg[6]_0                           |                2 |              6 |
|  CLK25MHZ                     | pantalla/pianito_inst/graban2/push_menu_minimat_y[7]_i_2__4_n_0                                                   | pantalla/m_driver/push_menu_minimat_y_reg[7]_2                           |                3 |              7 |
|  music_inst/slow_clk_inst/CLK | music_inst/counter_octave                                                                                         |                                                                          |                4 |              8 |
|  CLK100MHZ_IBUF_BUFG          | kbd_ms_inst/m_ps2read/data[7]_i_1__0_n_0                                                                          |                                                                          |                2 |              8 |
|  CLK100MHZ_IBUF_BUFG          | salidita/kbd_ms_inst/m_ps2read/data[7]_i_1_n_0                                                                    |                                                                          |                1 |              8 |
|  memoria_inst/clk_20_inst/CLK |                                                                                                                   | memoria_inst/clear                                                       |                3 |              9 |
|  memoria_inst/clk_20_inst/CLK |                                                                                                                   | SW0_IBUF                                                                 |                5 |              9 |
|  CLK25MHZ                     |                                                                                                                   | pantalla/m_driver/hc[9]_i_1_n_0                                          |                4 |              9 |
|  CLK100MHZ_IBUF_BUFG          | kbd_ms_inst/m_ps2read/shift_reg[10]_0                                                                             | kbd_ms_inst/m_ps2read/shift_reg[2]_0                                     |                2 |              9 |
|  music_inst/slow_clk_inst/CLK |                                                                                                                   |                                                                          |                6 |             10 |
|  CLK25MHZ                     | pantalla/menu_inst/show_one_line_inst4/show_one_line_inst4/                                                       | pantalla/menu_inst/show_one_line_inst4/push_menu_minimat_x[7]_i_1__1_n_0 |                4 |             10 |
|  CLK100MHZ_IBUF_BUFG          | salidita/kbd_ms_inst/new_data[7]_i_1_n_0                                                                          | kbd_ms_inst/m_ps2read/shift_reg[2]_0                                     |                2 |             11 |
|  CLK100MHZ_IBUF_BUFG          | kbd_ms_inst/new_data[7]_i_1__0_n_0                                                                                | kbd_ms_inst/m_ps2read/shift_reg[2]_0                                     |                5 |             11 |
|  CLK100MHZ_IBUF_BUFG          |                                                                                                                   |                                                                          |               13 |             13 |
|  CLK100MHZ_IBUF_BUFG          |                                                                                                                   | kbd_ms_inst/m_ps2read/shift_reg[2]_0                                     |                8 |             13 |
|  CLK100MHZ_IBUF_BUFG          |                                                                                                                   | clk_divider_2_inst/clk_out                                               |                8 |             31 |
|  memoria_inst/clk_15_inst/clk | memoria_inst/dist_mem_gen_0_inst/U0/synth_options.dist_mem_inst/gen_sp_ram.spram_inst/ram_reg_256_511_0_0_i_1_n_0 |                                                                          |                8 |             32 |
|  memoria_inst/clk_15_inst/clk | memoria_inst/dist_mem_gen_0_inst/U0/synth_options.dist_mem_inst/gen_sp_ram.spram_inst/ram_reg_0_255_0_0_i_1_n_0   |                                                                          |                8 |             32 |
|  CLK25MHZ                     |                                                                                                                   |                                                                          |               25 |             58 |
|  CLK100MHZ_IBUF_BUFG          |                                                                                                                   | pantalla/slow_clk_inst/clk_div                                           |               16 |             63 |
|  CLK100MHZ_IBUF_BUFG          |                                                                                                                   | music_inst/slow_clk_inst/clk_div                                         |               16 |             63 |
|  CLK100MHZ_IBUF_BUFG          |                                                                                                                   | memoria_inst/clk_15_inst/clk_div                                         |               16 |             63 |
|  CLK100MHZ_IBUF_BUFG          |                                                                                                                   | memoria_inst/clk_20_inst/clk_div                                         |               16 |             63 |
+-------------------------------+-------------------------------------------------------------------------------------------------------------------+--------------------------------------------------------------------------+------------------+----------------+


+--------+-----------------------+
| Fanout | Number of ControlSets |
+--------+-----------------------+
| 4      |                     9 |
| 5      |                    10 |
| 6      |                    18 |
| 7      |                     1 |
| 8      |                     3 |
| 9      |                     4 |
| 10     |                     2 |
| 11     |                     2 |
| 13     |                     2 |
| 16+    |                     8 |
+--------+-----------------------+


