Copyright 1986-2016 Xilinx, Inc. All Rights Reserved.
---------------------------------------------------------------------------------------------------------------------------
| Tool Version : Vivado v.2016.4 (win64) Build 1756540 Mon Jan 23 19:11:23 MST 2017
| Date         : Tue Aug 22 23:32:47 2017
| Host         : DESKTOP-IKHJVVB running 64-bit major release  (build 9200)
| Command      : report_methodology -file top_module_methodology_drc_routed.rpt -rpx top_module_methodology_drc_routed.rpx
| Design       : top_module
| Device       : xc7a100tcsg324-1
| Speed File   : -1
| Design State : Routed
---------------------------------------------------------------------------------------------------------------------------

Report Methodology

Table of Contents
-----------------
1. REPORT SUMMARY
2. REPORT DETAILS

1. REPORT SUMMARY
-----------------
            Netlist: netlist
          Floorplan: design_1
      Design limits: <entire design considered>
             Max violations: <unlimited>
             Violations found: 384
+-----------+----------+-------------------------------+------------+
| Rule      | Severity | Description                   | Violations |
+-----------+----------+-------------------------------+------------+
| TIMING-17 | Warning  | Non-clocked sequential cell   | 362        |
| TIMING-18 | Warning  | Missing input or output delay | 22         |
+-----------+----------+-------------------------------+------------+

2. REPORT DETAILS
-----------------
TIMING-17#1 Warning
Non-clocked sequential cell  
The clock pin display_inst/counter_reg[0]/C is not reached by a timing clock
Related violations: <none>

TIMING-17#2 Warning
Non-clocked sequential cell  
The clock pin display_inst/counter_reg[1]/C is not reached by a timing clock
Related violations: <none>

TIMING-17#3 Warning
Non-clocked sequential cell  
The clock pin display_inst/counter_reg[2]/C is not reached by a timing clock
Related violations: <none>

TIMING-17#4 Warning
Non-clocked sequential cell  
The clock pin display_inst/counter_reg[3]/C is not reached by a timing clock
Related violations: <none>

TIMING-17#5 Warning
Non-clocked sequential cell  
The clock pin memoria_inst/dist_mem_gen_0_inst/U0/synth_options.dist_mem_inst/gen_sp_ram.spram_inst/ram_reg_0_255_0_0/RAMS64E_A/CLK is not reached by a timing clock
Related violations: <none>

TIMING-17#6 Warning
Non-clocked sequential cell  
The clock pin memoria_inst/dist_mem_gen_0_inst/U0/synth_options.dist_mem_inst/gen_sp_ram.spram_inst/ram_reg_0_255_0_0/RAMS64E_B/CLK is not reached by a timing clock
Related violations: <none>

TIMING-17#7 Warning
Non-clocked sequential cell  
The clock pin memoria_inst/dist_mem_gen_0_inst/U0/synth_options.dist_mem_inst/gen_sp_ram.spram_inst/ram_reg_0_255_0_0/RAMS64E_C/CLK is not reached by a timing clock
Related violations: <none>

TIMING-17#8 Warning
Non-clocked sequential cell  
The clock pin memoria_inst/dist_mem_gen_0_inst/U0/synth_options.dist_mem_inst/gen_sp_ram.spram_inst/ram_reg_0_255_0_0/RAMS64E_D/CLK is not reached by a timing clock
Related violations: <none>

TIMING-17#9 Warning
Non-clocked sequential cell  
The clock pin memoria_inst/dist_mem_gen_0_inst/U0/synth_options.dist_mem_inst/gen_sp_ram.spram_inst/ram_reg_0_255_1_1/RAMS64E_A/CLK is not reached by a timing clock
Related violations: <none>

TIMING-17#10 Warning
Non-clocked sequential cell  
The clock pin memoria_inst/dist_mem_gen_0_inst/U0/synth_options.dist_mem_inst/gen_sp_ram.spram_inst/ram_reg_0_255_1_1/RAMS64E_B/CLK is not reached by a timing clock
Related violations: <none>

TIMING-17#11 Warning
Non-clocked sequential cell  
The clock pin memoria_inst/dist_mem_gen_0_inst/U0/synth_options.dist_mem_inst/gen_sp_ram.spram_inst/ram_reg_0_255_1_1/RAMS64E_C/CLK is not reached by a timing clock
Related violations: <none>

TIMING-17#12 Warning
Non-clocked sequential cell  
The clock pin memoria_inst/dist_mem_gen_0_inst/U0/synth_options.dist_mem_inst/gen_sp_ram.spram_inst/ram_reg_0_255_1_1/RAMS64E_D/CLK is not reached by a timing clock
Related violations: <none>

TIMING-17#13 Warning
Non-clocked sequential cell  
The clock pin memoria_inst/dist_mem_gen_0_inst/U0/synth_options.dist_mem_inst/gen_sp_ram.spram_inst/ram_reg_0_255_2_2/RAMS64E_A/CLK is not reached by a timing clock
Related violations: <none>

TIMING-17#14 Warning
Non-clocked sequential cell  
The clock pin memoria_inst/dist_mem_gen_0_inst/U0/synth_options.dist_mem_inst/gen_sp_ram.spram_inst/ram_reg_0_255_2_2/RAMS64E_B/CLK is not reached by a timing clock
Related violations: <none>

TIMING-17#15 Warning
Non-clocked sequential cell  
The clock pin memoria_inst/dist_mem_gen_0_inst/U0/synth_options.dist_mem_inst/gen_sp_ram.spram_inst/ram_reg_0_255_2_2/RAMS64E_C/CLK is not reached by a timing clock
Related violations: <none>

TIMING-17#16 Warning
Non-clocked sequential cell  
The clock pin memoria_inst/dist_mem_gen_0_inst/U0/synth_options.dist_mem_inst/gen_sp_ram.spram_inst/ram_reg_0_255_2_2/RAMS64E_D/CLK is not reached by a timing clock
Related violations: <none>

TIMING-17#17 Warning
Non-clocked sequential cell  
The clock pin memoria_inst/dist_mem_gen_0_inst/U0/synth_options.dist_mem_inst/gen_sp_ram.spram_inst/ram_reg_0_255_3_3/RAMS64E_A/CLK is not reached by a timing clock
Related violations: <none>

TIMING-17#18 Warning
Non-clocked sequential cell  
The clock pin memoria_inst/dist_mem_gen_0_inst/U0/synth_options.dist_mem_inst/gen_sp_ram.spram_inst/ram_reg_0_255_3_3/RAMS64E_B/CLK is not reached by a timing clock
Related violations: <none>

TIMING-17#19 Warning
Non-clocked sequential cell  
The clock pin memoria_inst/dist_mem_gen_0_inst/U0/synth_options.dist_mem_inst/gen_sp_ram.spram_inst/ram_reg_0_255_3_3/RAMS64E_C/CLK is not reached by a timing clock
Related violations: <none>

TIMING-17#20 Warning
Non-clocked sequential cell  
The clock pin memoria_inst/dist_mem_gen_0_inst/U0/synth_options.dist_mem_inst/gen_sp_ram.spram_inst/ram_reg_0_255_3_3/RAMS64E_D/CLK is not reached by a timing clock
Related violations: <none>

TIMING-17#21 Warning
Non-clocked sequential cell  
The clock pin memoria_inst/dist_mem_gen_0_inst/U0/synth_options.dist_mem_inst/gen_sp_ram.spram_inst/ram_reg_0_255_4_4/RAMS64E_A/CLK is not reached by a timing clock
Related violations: <none>

TIMING-17#22 Warning
Non-clocked sequential cell  
The clock pin memoria_inst/dist_mem_gen_0_inst/U0/synth_options.dist_mem_inst/gen_sp_ram.spram_inst/ram_reg_0_255_4_4/RAMS64E_B/CLK is not reached by a timing clock
Related violations: <none>

TIMING-17#23 Warning
Non-clocked sequential cell  
The clock pin memoria_inst/dist_mem_gen_0_inst/U0/synth_options.dist_mem_inst/gen_sp_ram.spram_inst/ram_reg_0_255_4_4/RAMS64E_C/CLK is not reached by a timing clock
Related violations: <none>

TIMING-17#24 Warning
Non-clocked sequential cell  
The clock pin memoria_inst/dist_mem_gen_0_inst/U0/synth_options.dist_mem_inst/gen_sp_ram.spram_inst/ram_reg_0_255_4_4/RAMS64E_D/CLK is not reached by a timing clock
Related violations: <none>

TIMING-17#25 Warning
Non-clocked sequential cell  
The clock pin memoria_inst/dist_mem_gen_0_inst/U0/synth_options.dist_mem_inst/gen_sp_ram.spram_inst/ram_reg_0_255_5_5/RAMS64E_A/CLK is not reached by a timing clock
Related violations: <none>

TIMING-17#26 Warning
Non-clocked sequential cell  
The clock pin memoria_inst/dist_mem_gen_0_inst/U0/synth_options.dist_mem_inst/gen_sp_ram.spram_inst/ram_reg_0_255_5_5/RAMS64E_B/CLK is not reached by a timing clock
Related violations: <none>

TIMING-17#27 Warning
Non-clocked sequential cell  
The clock pin memoria_inst/dist_mem_gen_0_inst/U0/synth_options.dist_mem_inst/gen_sp_ram.spram_inst/ram_reg_0_255_5_5/RAMS64E_C/CLK is not reached by a timing clock
Related violations: <none>

TIMING-17#28 Warning
Non-clocked sequential cell  
The clock pin memoria_inst/dist_mem_gen_0_inst/U0/synth_options.dist_mem_inst/gen_sp_ram.spram_inst/ram_reg_0_255_5_5/RAMS64E_D/CLK is not reached by a timing clock
Related violations: <none>

TIMING-17#29 Warning
Non-clocked sequential cell  
The clock pin memoria_inst/dist_mem_gen_0_inst/U0/synth_options.dist_mem_inst/gen_sp_ram.spram_inst/ram_reg_0_255_6_6/RAMS64E_A/CLK is not reached by a timing clock
Related violations: <none>

TIMING-17#30 Warning
Non-clocked sequential cell  
The clock pin memoria_inst/dist_mem_gen_0_inst/U0/synth_options.dist_mem_inst/gen_sp_ram.spram_inst/ram_reg_0_255_6_6/RAMS64E_B/CLK is not reached by a timing clock
Related violations: <none>

TIMING-17#31 Warning
Non-clocked sequential cell  
The clock pin memoria_inst/dist_mem_gen_0_inst/U0/synth_options.dist_mem_inst/gen_sp_ram.spram_inst/ram_reg_0_255_6_6/RAMS64E_C/CLK is not reached by a timing clock
Related violations: <none>

TIMING-17#32 Warning
Non-clocked sequential cell  
The clock pin memoria_inst/dist_mem_gen_0_inst/U0/synth_options.dist_mem_inst/gen_sp_ram.spram_inst/ram_reg_0_255_6_6/RAMS64E_D/CLK is not reached by a timing clock
Related violations: <none>

TIMING-17#33 Warning
Non-clocked sequential cell  
The clock pin memoria_inst/dist_mem_gen_0_inst/U0/synth_options.dist_mem_inst/gen_sp_ram.spram_inst/ram_reg_0_255_7_7/RAMS64E_A/CLK is not reached by a timing clock
Related violations: <none>

TIMING-17#34 Warning
Non-clocked sequential cell  
The clock pin memoria_inst/dist_mem_gen_0_inst/U0/synth_options.dist_mem_inst/gen_sp_ram.spram_inst/ram_reg_0_255_7_7/RAMS64E_B/CLK is not reached by a timing clock
Related violations: <none>

TIMING-17#35 Warning
Non-clocked sequential cell  
The clock pin memoria_inst/dist_mem_gen_0_inst/U0/synth_options.dist_mem_inst/gen_sp_ram.spram_inst/ram_reg_0_255_7_7/RAMS64E_C/CLK is not reached by a timing clock
Related violations: <none>

TIMING-17#36 Warning
Non-clocked sequential cell  
The clock pin memoria_inst/dist_mem_gen_0_inst/U0/synth_options.dist_mem_inst/gen_sp_ram.spram_inst/ram_reg_0_255_7_7/RAMS64E_D/CLK is not reached by a timing clock
Related violations: <none>

TIMING-17#37 Warning
Non-clocked sequential cell  
The clock pin memoria_inst/dist_mem_gen_0_inst/U0/synth_options.dist_mem_inst/gen_sp_ram.spram_inst/ram_reg_256_511_0_0/RAMS64E_A/CLK is not reached by a timing clock
Related violations: <none>

TIMING-17#38 Warning
Non-clocked sequential cell  
The clock pin memoria_inst/dist_mem_gen_0_inst/U0/synth_options.dist_mem_inst/gen_sp_ram.spram_inst/ram_reg_256_511_0_0/RAMS64E_B/CLK is not reached by a timing clock
Related violations: <none>

TIMING-17#39 Warning
Non-clocked sequential cell  
The clock pin memoria_inst/dist_mem_gen_0_inst/U0/synth_options.dist_mem_inst/gen_sp_ram.spram_inst/ram_reg_256_511_0_0/RAMS64E_C/CLK is not reached by a timing clock
Related violations: <none>

TIMING-17#40 Warning
Non-clocked sequential cell  
The clock pin memoria_inst/dist_mem_gen_0_inst/U0/synth_options.dist_mem_inst/gen_sp_ram.spram_inst/ram_reg_256_511_0_0/RAMS64E_D/CLK is not reached by a timing clock
Related violations: <none>

TIMING-17#41 Warning
Non-clocked sequential cell  
The clock pin memoria_inst/dist_mem_gen_0_inst/U0/synth_options.dist_mem_inst/gen_sp_ram.spram_inst/ram_reg_256_511_1_1/RAMS64E_A/CLK is not reached by a timing clock
Related violations: <none>

TIMING-17#42 Warning
Non-clocked sequential cell  
The clock pin memoria_inst/dist_mem_gen_0_inst/U0/synth_options.dist_mem_inst/gen_sp_ram.spram_inst/ram_reg_256_511_1_1/RAMS64E_B/CLK is not reached by a timing clock
Related violations: <none>

TIMING-17#43 Warning
Non-clocked sequential cell  
The clock pin memoria_inst/dist_mem_gen_0_inst/U0/synth_options.dist_mem_inst/gen_sp_ram.spram_inst/ram_reg_256_511_1_1/RAMS64E_C/CLK is not reached by a timing clock
Related violations: <none>

TIMING-17#44 Warning
Non-clocked sequential cell  
The clock pin memoria_inst/dist_mem_gen_0_inst/U0/synth_options.dist_mem_inst/gen_sp_ram.spram_inst/ram_reg_256_511_1_1/RAMS64E_D/CLK is not reached by a timing clock
Related violations: <none>

TIMING-17#45 Warning
Non-clocked sequential cell  
The clock pin memoria_inst/dist_mem_gen_0_inst/U0/synth_options.dist_mem_inst/gen_sp_ram.spram_inst/ram_reg_256_511_2_2/RAMS64E_A/CLK is not reached by a timing clock
Related violations: <none>

TIMING-17#46 Warning
Non-clocked sequential cell  
The clock pin memoria_inst/dist_mem_gen_0_inst/U0/synth_options.dist_mem_inst/gen_sp_ram.spram_inst/ram_reg_256_511_2_2/RAMS64E_B/CLK is not reached by a timing clock
Related violations: <none>

TIMING-17#47 Warning
Non-clocked sequential cell  
The clock pin memoria_inst/dist_mem_gen_0_inst/U0/synth_options.dist_mem_inst/gen_sp_ram.spram_inst/ram_reg_256_511_2_2/RAMS64E_C/CLK is not reached by a timing clock
Related violations: <none>

TIMING-17#48 Warning
Non-clocked sequential cell  
The clock pin memoria_inst/dist_mem_gen_0_inst/U0/synth_options.dist_mem_inst/gen_sp_ram.spram_inst/ram_reg_256_511_2_2/RAMS64E_D/CLK is not reached by a timing clock
Related violations: <none>

TIMING-17#49 Warning
Non-clocked sequential cell  
The clock pin memoria_inst/dist_mem_gen_0_inst/U0/synth_options.dist_mem_inst/gen_sp_ram.spram_inst/ram_reg_256_511_3_3/RAMS64E_A/CLK is not reached by a timing clock
Related violations: <none>

TIMING-17#50 Warning
Non-clocked sequential cell  
The clock pin memoria_inst/dist_mem_gen_0_inst/U0/synth_options.dist_mem_inst/gen_sp_ram.spram_inst/ram_reg_256_511_3_3/RAMS64E_B/CLK is not reached by a timing clock
Related violations: <none>

TIMING-17#51 Warning
Non-clocked sequential cell  
The clock pin memoria_inst/dist_mem_gen_0_inst/U0/synth_options.dist_mem_inst/gen_sp_ram.spram_inst/ram_reg_256_511_3_3/RAMS64E_C/CLK is not reached by a timing clock
Related violations: <none>

TIMING-17#52 Warning
Non-clocked sequential cell  
The clock pin memoria_inst/dist_mem_gen_0_inst/U0/synth_options.dist_mem_inst/gen_sp_ram.spram_inst/ram_reg_256_511_3_3/RAMS64E_D/CLK is not reached by a timing clock
Related violations: <none>

TIMING-17#53 Warning
Non-clocked sequential cell  
The clock pin memoria_inst/dist_mem_gen_0_inst/U0/synth_options.dist_mem_inst/gen_sp_ram.spram_inst/ram_reg_256_511_4_4/RAMS64E_A/CLK is not reached by a timing clock
Related violations: <none>

TIMING-17#54 Warning
Non-clocked sequential cell  
The clock pin memoria_inst/dist_mem_gen_0_inst/U0/synth_options.dist_mem_inst/gen_sp_ram.spram_inst/ram_reg_256_511_4_4/RAMS64E_B/CLK is not reached by a timing clock
Related violations: <none>

TIMING-17#55 Warning
Non-clocked sequential cell  
The clock pin memoria_inst/dist_mem_gen_0_inst/U0/synth_options.dist_mem_inst/gen_sp_ram.spram_inst/ram_reg_256_511_4_4/RAMS64E_C/CLK is not reached by a timing clock
Related violations: <none>

TIMING-17#56 Warning
Non-clocked sequential cell  
The clock pin memoria_inst/dist_mem_gen_0_inst/U0/synth_options.dist_mem_inst/gen_sp_ram.spram_inst/ram_reg_256_511_4_4/RAMS64E_D/CLK is not reached by a timing clock
Related violations: <none>

TIMING-17#57 Warning
Non-clocked sequential cell  
The clock pin memoria_inst/dist_mem_gen_0_inst/U0/synth_options.dist_mem_inst/gen_sp_ram.spram_inst/ram_reg_256_511_5_5/RAMS64E_A/CLK is not reached by a timing clock
Related violations: <none>

TIMING-17#58 Warning
Non-clocked sequential cell  
The clock pin memoria_inst/dist_mem_gen_0_inst/U0/synth_options.dist_mem_inst/gen_sp_ram.spram_inst/ram_reg_256_511_5_5/RAMS64E_B/CLK is not reached by a timing clock
Related violations: <none>

TIMING-17#59 Warning
Non-clocked sequential cell  
The clock pin memoria_inst/dist_mem_gen_0_inst/U0/synth_options.dist_mem_inst/gen_sp_ram.spram_inst/ram_reg_256_511_5_5/RAMS64E_C/CLK is not reached by a timing clock
Related violations: <none>

TIMING-17#60 Warning
Non-clocked sequential cell  
The clock pin memoria_inst/dist_mem_gen_0_inst/U0/synth_options.dist_mem_inst/gen_sp_ram.spram_inst/ram_reg_256_511_5_5/RAMS64E_D/CLK is not reached by a timing clock
Related violations: <none>

TIMING-17#61 Warning
Non-clocked sequential cell  
The clock pin memoria_inst/dist_mem_gen_0_inst/U0/synth_options.dist_mem_inst/gen_sp_ram.spram_inst/ram_reg_256_511_6_6/RAMS64E_A/CLK is not reached by a timing clock
Related violations: <none>

TIMING-17#62 Warning
Non-clocked sequential cell  
The clock pin memoria_inst/dist_mem_gen_0_inst/U0/synth_options.dist_mem_inst/gen_sp_ram.spram_inst/ram_reg_256_511_6_6/RAMS64E_B/CLK is not reached by a timing clock
Related violations: <none>

TIMING-17#63 Warning
Non-clocked sequential cell  
The clock pin memoria_inst/dist_mem_gen_0_inst/U0/synth_options.dist_mem_inst/gen_sp_ram.spram_inst/ram_reg_256_511_6_6/RAMS64E_C/CLK is not reached by a timing clock
Related violations: <none>

TIMING-17#64 Warning
Non-clocked sequential cell  
The clock pin memoria_inst/dist_mem_gen_0_inst/U0/synth_options.dist_mem_inst/gen_sp_ram.spram_inst/ram_reg_256_511_6_6/RAMS64E_D/CLK is not reached by a timing clock
Related violations: <none>

TIMING-17#65 Warning
Non-clocked sequential cell  
The clock pin memoria_inst/dist_mem_gen_0_inst/U0/synth_options.dist_mem_inst/gen_sp_ram.spram_inst/ram_reg_256_511_7_7/RAMS64E_A/CLK is not reached by a timing clock
Related violations: <none>

TIMING-17#66 Warning
Non-clocked sequential cell  
The clock pin memoria_inst/dist_mem_gen_0_inst/U0/synth_options.dist_mem_inst/gen_sp_ram.spram_inst/ram_reg_256_511_7_7/RAMS64E_B/CLK is not reached by a timing clock
Related violations: <none>

TIMING-17#67 Warning
Non-clocked sequential cell  
The clock pin memoria_inst/dist_mem_gen_0_inst/U0/synth_options.dist_mem_inst/gen_sp_ram.spram_inst/ram_reg_256_511_7_7/RAMS64E_C/CLK is not reached by a timing clock
Related violations: <none>

TIMING-17#68 Warning
Non-clocked sequential cell  
The clock pin memoria_inst/dist_mem_gen_0_inst/U0/synth_options.dist_mem_inst/gen_sp_ram.spram_inst/ram_reg_256_511_7_7/RAMS64E_D/CLK is not reached by a timing clock
Related violations: <none>

TIMING-17#69 Warning
Non-clocked sequential cell  
The clock pin memoria_inst/grabar_reg[0]/C is not reached by a timing clock
Related violations: <none>

TIMING-17#70 Warning
Non-clocked sequential cell  
The clock pin memoria_inst/grabar_reg[1]/C is not reached by a timing clock
Related violations: <none>

TIMING-17#71 Warning
Non-clocked sequential cell  
The clock pin memoria_inst/grabar_reg[2]/C is not reached by a timing clock
Related violations: <none>

TIMING-17#72 Warning
Non-clocked sequential cell  
The clock pin memoria_inst/grabar_reg[3]/C is not reached by a timing clock
Related violations: <none>

TIMING-17#73 Warning
Non-clocked sequential cell  
The clock pin memoria_inst/grabar_reg[4]/C is not reached by a timing clock
Related violations: <none>

TIMING-17#74 Warning
Non-clocked sequential cell  
The clock pin memoria_inst/grabar_reg[5]/C is not reached by a timing clock
Related violations: <none>

TIMING-17#75 Warning
Non-clocked sequential cell  
The clock pin memoria_inst/grabar_reg[6]/C is not reached by a timing clock
Related violations: <none>

TIMING-17#76 Warning
Non-clocked sequential cell  
The clock pin memoria_inst/grabar_reg[7]/C is not reached by a timing clock
Related violations: <none>

TIMING-17#77 Warning
Non-clocked sequential cell  
The clock pin memoria_inst/grabar_reg[8]/C is not reached by a timing clock
Related violations: <none>

TIMING-17#78 Warning
Non-clocked sequential cell  
The clock pin memoria_inst/leer_reg[0]/C is not reached by a timing clock
Related violations: <none>

TIMING-17#79 Warning
Non-clocked sequential cell  
The clock pin memoria_inst/leer_reg[1]/C is not reached by a timing clock
Related violations: <none>

TIMING-17#80 Warning
Non-clocked sequential cell  
The clock pin memoria_inst/leer_reg[2]/C is not reached by a timing clock
Related violations: <none>

TIMING-17#81 Warning
Non-clocked sequential cell  
The clock pin memoria_inst/leer_reg[3]/C is not reached by a timing clock
Related violations: <none>

TIMING-17#82 Warning
Non-clocked sequential cell  
The clock pin memoria_inst/leer_reg[4]/C is not reached by a timing clock
Related violations: <none>

TIMING-17#83 Warning
Non-clocked sequential cell  
The clock pin memoria_inst/leer_reg[5]/C is not reached by a timing clock
Related violations: <none>

TIMING-17#84 Warning
Non-clocked sequential cell  
The clock pin memoria_inst/leer_reg[6]/C is not reached by a timing clock
Related violations: <none>

TIMING-17#85 Warning
Non-clocked sequential cell  
The clock pin memoria_inst/leer_reg[7]/C is not reached by a timing clock
Related violations: <none>

TIMING-17#86 Warning
Non-clocked sequential cell  
The clock pin memoria_inst/leer_reg[8]/C is not reached by a timing clock
Related violations: <none>

TIMING-17#87 Warning
Non-clocked sequential cell  
The clock pin music_inst/counter_note_reg[0]/C is not reached by a timing clock
Related violations: <none>

TIMING-17#88 Warning
Non-clocked sequential cell  
The clock pin music_inst/counter_note_reg[1]/C is not reached by a timing clock
Related violations: <none>

TIMING-17#89 Warning
Non-clocked sequential cell  
The clock pin music_inst/counter_note_reg[2]/C is not reached by a timing clock
Related violations: <none>

TIMING-17#90 Warning
Non-clocked sequential cell  
The clock pin music_inst/counter_note_reg[3]/C is not reached by a timing clock
Related violations: <none>

TIMING-17#91 Warning
Non-clocked sequential cell  
The clock pin music_inst/counter_note_reg[4]/C is not reached by a timing clock
Related violations: <none>

TIMING-17#92 Warning
Non-clocked sequential cell  
The clock pin music_inst/counter_note_reg[5]/C is not reached by a timing clock
Related violations: <none>

TIMING-17#93 Warning
Non-clocked sequential cell  
The clock pin music_inst/counter_note_reg[6]/C is not reached by a timing clock
Related violations: <none>

TIMING-17#94 Warning
Non-clocked sequential cell  
The clock pin music_inst/counter_note_reg[7]/C is not reached by a timing clock
Related violations: <none>

TIMING-17#95 Warning
Non-clocked sequential cell  
The clock pin music_inst/counter_note_reg[8]/C is not reached by a timing clock
Related violations: <none>

TIMING-17#96 Warning
Non-clocked sequential cell  
The clock pin music_inst/counter_octave_reg[0]/C is not reached by a timing clock
Related violations: <none>

TIMING-17#97 Warning
Non-clocked sequential cell  
The clock pin music_inst/counter_octave_reg[1]/C is not reached by a timing clock
Related violations: <none>

TIMING-17#98 Warning
Non-clocked sequential cell  
The clock pin music_inst/counter_octave_reg[2]/C is not reached by a timing clock
Related violations: <none>

TIMING-17#99 Warning
Non-clocked sequential cell  
The clock pin music_inst/counter_octave_reg[3]/C is not reached by a timing clock
Related violations: <none>

TIMING-17#100 Warning
Non-clocked sequential cell  
The clock pin music_inst/counter_octave_reg[4]/C is not reached by a timing clock
Related violations: <none>

TIMING-17#101 Warning
Non-clocked sequential cell  
The clock pin music_inst/counter_octave_reg[5]/C is not reached by a timing clock
Related violations: <none>

TIMING-17#102 Warning
Non-clocked sequential cell  
The clock pin music_inst/counter_octave_reg[6]/C is not reached by a timing clock
Related violations: <none>

TIMING-17#103 Warning
Non-clocked sequential cell  
The clock pin music_inst/counter_octave_reg[7]/C is not reached by a timing clock
Related violations: <none>

TIMING-17#104 Warning
Non-clocked sequential cell  
The clock pin music_inst/speaker_reg/C is not reached by a timing clock
Related violations: <none>

TIMING-17#105 Warning
Non-clocked sequential cell  
The clock pin pantalla/m_driver/hc_reg[0]/C is not reached by a timing clock
Related violations: <none>

TIMING-17#106 Warning
Non-clocked sequential cell  
The clock pin pantalla/m_driver/hc_reg[1]/C is not reached by a timing clock
Related violations: <none>

TIMING-17#107 Warning
Non-clocked sequential cell  
The clock pin pantalla/m_driver/hc_reg[2]/C is not reached by a timing clock
Related violations: <none>

TIMING-17#108 Warning
Non-clocked sequential cell  
The clock pin pantalla/m_driver/hc_reg[3]/C is not reached by a timing clock
Related violations: <none>

TIMING-17#109 Warning
Non-clocked sequential cell  
The clock pin pantalla/m_driver/hc_reg[4]/C is not reached by a timing clock
Related violations: <none>

TIMING-17#110 Warning
Non-clocked sequential cell  
The clock pin pantalla/m_driver/hc_reg[5]/C is not reached by a timing clock
Related violations: <none>

TIMING-17#111 Warning
Non-clocked sequential cell  
The clock pin pantalla/m_driver/hc_reg[6]/C is not reached by a timing clock
Related violations: <none>

TIMING-17#112 Warning
Non-clocked sequential cell  
The clock pin pantalla/m_driver/hc_reg[7]/C is not reached by a timing clock
Related violations: <none>

TIMING-17#113 Warning
Non-clocked sequential cell  
The clock pin pantalla/m_driver/hc_reg[8]/C is not reached by a timing clock
Related violations: <none>

TIMING-17#114 Warning
Non-clocked sequential cell  
The clock pin pantalla/m_driver/hc_reg[9]/C is not reached by a timing clock
Related violations: <none>

TIMING-17#115 Warning
Non-clocked sequential cell  
The clock pin pantalla/m_driver/vc_reg[0]/C is not reached by a timing clock
Related violations: <none>

TIMING-17#116 Warning
Non-clocked sequential cell  
The clock pin pantalla/m_driver/vc_reg[1]/C is not reached by a timing clock
Related violations: <none>

TIMING-17#117 Warning
Non-clocked sequential cell  
The clock pin pantalla/m_driver/vc_reg[2]/C is not reached by a timing clock
Related violations: <none>

TIMING-17#118 Warning
Non-clocked sequential cell  
The clock pin pantalla/m_driver/vc_reg[3]/C is not reached by a timing clock
Related violations: <none>

TIMING-17#119 Warning
Non-clocked sequential cell  
The clock pin pantalla/m_driver/vc_reg[4]/C is not reached by a timing clock
Related violations: <none>

TIMING-17#120 Warning
Non-clocked sequential cell  
The clock pin pantalla/m_driver/vc_reg[5]/C is not reached by a timing clock
Related violations: <none>

TIMING-17#121 Warning
Non-clocked sequential cell  
The clock pin pantalla/m_driver/vc_reg[6]/C is not reached by a timing clock
Related violations: <none>

TIMING-17#122 Warning
Non-clocked sequential cell  
The clock pin pantalla/m_driver/vc_reg[7]/C is not reached by a timing clock
Related violations: <none>

TIMING-17#123 Warning
Non-clocked sequential cell  
The clock pin pantalla/m_driver/vc_reg[8]/C is not reached by a timing clock
Related violations: <none>

TIMING-17#124 Warning
Non-clocked sequential cell  
The clock pin pantalla/m_driver/vc_reg[9]/C is not reached by a timing clock
Related violations: <none>

TIMING-17#125 Warning
Non-clocked sequential cell  
The clock pin pantalla/menu_inst/show_one_line_inst1/contador_pixels_horizontales_reg[0]/C is not reached by a timing clock
Related violations: <none>

TIMING-17#126 Warning
Non-clocked sequential cell  
The clock pin pantalla/menu_inst/show_one_line_inst1/contador_pixels_horizontales_reg[1]/C is not reached by a timing clock
Related violations: <none>

TIMING-17#127 Warning
Non-clocked sequential cell  
The clock pin pantalla/menu_inst/show_one_line_inst1/contador_pixels_horizontales_reg[2]/C is not reached by a timing clock
Related violations: <none>

TIMING-17#128 Warning
Non-clocked sequential cell  
The clock pin pantalla/menu_inst/show_one_line_inst1/contador_pixels_verticales_reg[0]/C is not reached by a timing clock
Related violations: <none>

TIMING-17#129 Warning
Non-clocked sequential cell  
The clock pin pantalla/menu_inst/show_one_line_inst1/contador_pixels_verticales_reg[1]/C is not reached by a timing clock
Related violations: <none>

TIMING-17#130 Warning
Non-clocked sequential cell  
The clock pin pantalla/menu_inst/show_one_line_inst1/contador_pixels_verticales_reg[2]/C is not reached by a timing clock
Related violations: <none>

TIMING-17#131 Warning
Non-clocked sequential cell  
The clock pin pantalla/menu_inst/show_one_line_inst1/menu_character_position_x_reg[0]/C is not reached by a timing clock
Related violations: <none>

TIMING-17#132 Warning
Non-clocked sequential cell  
The clock pin pantalla/menu_inst/show_one_line_inst1/menu_character_position_x_reg[1]/C is not reached by a timing clock
Related violations: <none>

TIMING-17#133 Warning
Non-clocked sequential cell  
The clock pin pantalla/menu_inst/show_one_line_inst1/menu_character_position_x_reg[2]/C is not reached by a timing clock
Related violations: <none>

TIMING-17#134 Warning
Non-clocked sequential cell  
The clock pin pantalla/menu_inst/show_one_line_inst1/menu_character_position_x_reg[3]/C is not reached by a timing clock
Related violations: <none>

TIMING-17#135 Warning
Non-clocked sequential cell  
The clock pin pantalla/menu_inst/show_one_line_inst1/menu_character_position_x_reg[4]/C is not reached by a timing clock
Related violations: <none>

TIMING-17#136 Warning
Non-clocked sequential cell  
The clock pin pantalla/menu_inst/show_one_line_inst1/menu_character_position_x_reg[5]/C is not reached by a timing clock
Related violations: <none>

TIMING-17#137 Warning
Non-clocked sequential cell  
The clock pin pantalla/menu_inst/show_one_line_inst1/pixel_x_to_show_reg[0]/C is not reached by a timing clock
Related violations: <none>

TIMING-17#138 Warning
Non-clocked sequential cell  
The clock pin pantalla/menu_inst/show_one_line_inst1/pixel_x_to_show_reg[1]/C is not reached by a timing clock
Related violations: <none>

TIMING-17#139 Warning
Non-clocked sequential cell  
The clock pin pantalla/menu_inst/show_one_line_inst1/pixel_x_to_show_reg[2]/C is not reached by a timing clock
Related violations: <none>

TIMING-17#140 Warning
Non-clocked sequential cell  
The clock pin pantalla/menu_inst/show_one_line_inst1/pixel_y_to_show_reg[0]/C is not reached by a timing clock
Related violations: <none>

TIMING-17#141 Warning
Non-clocked sequential cell  
The clock pin pantalla/menu_inst/show_one_line_inst1/pixel_y_to_show_reg[1]/C is not reached by a timing clock
Related violations: <none>

TIMING-17#142 Warning
Non-clocked sequential cell  
The clock pin pantalla/menu_inst/show_one_line_inst1/pixel_y_to_show_reg[2]/C is not reached by a timing clock
Related violations: <none>

TIMING-17#143 Warning
Non-clocked sequential cell  
The clock pin pantalla/menu_inst/show_one_line_inst1/push_menu_minimat_x_reg[0]/C is not reached by a timing clock
Related violations: <none>

TIMING-17#144 Warning
Non-clocked sequential cell  
The clock pin pantalla/menu_inst/show_one_line_inst1/push_menu_minimat_x_reg[1]/C is not reached by a timing clock
Related violations: <none>

TIMING-17#145 Warning
Non-clocked sequential cell  
The clock pin pantalla/menu_inst/show_one_line_inst1/push_menu_minimat_x_reg[2]/C is not reached by a timing clock
Related violations: <none>

TIMING-17#146 Warning
Non-clocked sequential cell  
The clock pin pantalla/menu_inst/show_one_line_inst1/push_menu_minimat_x_reg[3]/C is not reached by a timing clock
Related violations: <none>

TIMING-17#147 Warning
Non-clocked sequential cell  
The clock pin pantalla/menu_inst/show_one_line_inst1/push_menu_minimat_x_reg[4]/C is not reached by a timing clock
Related violations: <none>

TIMING-17#148 Warning
Non-clocked sequential cell  
The clock pin pantalla/menu_inst/show_one_line_inst1/push_menu_minimat_x_reg[5]/C is not reached by a timing clock
Related violations: <none>

TIMING-17#149 Warning
Non-clocked sequential cell  
The clock pin pantalla/menu_inst/show_one_line_inst1/push_menu_minimat_x_reg[6]/C is not reached by a timing clock
Related violations: <none>

TIMING-17#150 Warning
Non-clocked sequential cell  
The clock pin pantalla/menu_inst/show_one_line_inst1/push_menu_minimat_x_reg[7]/C is not reached by a timing clock
Related violations: <none>

TIMING-17#151 Warning
Non-clocked sequential cell  
The clock pin pantalla/menu_inst/show_one_line_inst1/push_menu_minimat_y_reg[0]/C is not reached by a timing clock
Related violations: <none>

TIMING-17#152 Warning
Non-clocked sequential cell  
The clock pin pantalla/menu_inst/show_one_line_inst1/push_menu_minimat_y_reg[1]/C is not reached by a timing clock
Related violations: <none>

TIMING-17#153 Warning
Non-clocked sequential cell  
The clock pin pantalla/menu_inst/show_one_line_inst1/push_menu_minimat_y_reg[2]/C is not reached by a timing clock
Related violations: <none>

TIMING-17#154 Warning
Non-clocked sequential cell  
The clock pin pantalla/menu_inst/show_one_line_inst1/push_menu_minimat_y_reg[3]/C is not reached by a timing clock
Related violations: <none>

TIMING-17#155 Warning
Non-clocked sequential cell  
The clock pin pantalla/menu_inst/show_one_line_inst1/push_menu_minimat_y_reg[4]/C is not reached by a timing clock
Related violations: <none>

TIMING-17#156 Warning
Non-clocked sequential cell  
The clock pin pantalla/menu_inst/show_one_line_inst1/push_menu_minimat_y_reg[5]/C is not reached by a timing clock
Related violations: <none>

TIMING-17#157 Warning
Non-clocked sequential cell  
The clock pin pantalla/menu_inst/show_one_line_inst1/push_menu_minimat_y_reg[6]/C is not reached by a timing clock
Related violations: <none>

TIMING-17#158 Warning
Non-clocked sequential cell  
The clock pin pantalla/menu_inst/show_one_line_inst1/push_menu_minimat_y_reg[7]/C is not reached by a timing clock
Related violations: <none>

TIMING-17#159 Warning
Non-clocked sequential cell  
The clock pin pantalla/menu_inst/show_one_line_inst2/contador_pixels_horizontales_reg[0]/C is not reached by a timing clock
Related violations: <none>

TIMING-17#160 Warning
Non-clocked sequential cell  
The clock pin pantalla/menu_inst/show_one_line_inst2/contador_pixels_horizontales_reg[1]/C is not reached by a timing clock
Related violations: <none>

TIMING-17#161 Warning
Non-clocked sequential cell  
The clock pin pantalla/menu_inst/show_one_line_inst2/contador_pixels_horizontales_reg[2]/C is not reached by a timing clock
Related violations: <none>

TIMING-17#162 Warning
Non-clocked sequential cell  
The clock pin pantalla/menu_inst/show_one_line_inst2/contador_pixels_verticales_reg[0]/C is not reached by a timing clock
Related violations: <none>

TIMING-17#163 Warning
Non-clocked sequential cell  
The clock pin pantalla/menu_inst/show_one_line_inst2/contador_pixels_verticales_reg[1]/C is not reached by a timing clock
Related violations: <none>

TIMING-17#164 Warning
Non-clocked sequential cell  
The clock pin pantalla/menu_inst/show_one_line_inst2/contador_pixels_verticales_reg[2]/C is not reached by a timing clock
Related violations: <none>

TIMING-17#165 Warning
Non-clocked sequential cell  
The clock pin pantalla/menu_inst/show_one_line_inst2/menu_character_position_x_reg[0]/C is not reached by a timing clock
Related violations: <none>

TIMING-17#166 Warning
Non-clocked sequential cell  
The clock pin pantalla/menu_inst/show_one_line_inst2/menu_character_position_x_reg[1]/C is not reached by a timing clock
Related violations: <none>

TIMING-17#167 Warning
Non-clocked sequential cell  
The clock pin pantalla/menu_inst/show_one_line_inst2/menu_character_position_x_reg[2]/C is not reached by a timing clock
Related violations: <none>

TIMING-17#168 Warning
Non-clocked sequential cell  
The clock pin pantalla/menu_inst/show_one_line_inst2/menu_character_position_x_reg[3]/C is not reached by a timing clock
Related violations: <none>

TIMING-17#169 Warning
Non-clocked sequential cell  
The clock pin pantalla/menu_inst/show_one_line_inst2/menu_character_position_x_reg[4]/C is not reached by a timing clock
Related violations: <none>

TIMING-17#170 Warning
Non-clocked sequential cell  
The clock pin pantalla/menu_inst/show_one_line_inst2/menu_character_position_x_reg[5]/C is not reached by a timing clock
Related violations: <none>

TIMING-17#171 Warning
Non-clocked sequential cell  
The clock pin pantalla/menu_inst/show_one_line_inst2/pixel_x_to_show_reg[0]/C is not reached by a timing clock
Related violations: <none>

TIMING-17#172 Warning
Non-clocked sequential cell  
The clock pin pantalla/menu_inst/show_one_line_inst2/pixel_x_to_show_reg[1]/C is not reached by a timing clock
Related violations: <none>

TIMING-17#173 Warning
Non-clocked sequential cell  
The clock pin pantalla/menu_inst/show_one_line_inst2/pixel_x_to_show_reg[2]/C is not reached by a timing clock
Related violations: <none>

TIMING-17#174 Warning
Non-clocked sequential cell  
The clock pin pantalla/menu_inst/show_one_line_inst2/pixel_y_to_show_reg[0]/C is not reached by a timing clock
Related violations: <none>

TIMING-17#175 Warning
Non-clocked sequential cell  
The clock pin pantalla/menu_inst/show_one_line_inst2/pixel_y_to_show_reg[1]/C is not reached by a timing clock
Related violations: <none>

TIMING-17#176 Warning
Non-clocked sequential cell  
The clock pin pantalla/menu_inst/show_one_line_inst2/pixel_y_to_show_reg[2]/C is not reached by a timing clock
Related violations: <none>

TIMING-17#177 Warning
Non-clocked sequential cell  
The clock pin pantalla/menu_inst/show_one_line_inst2/push_menu_minimat_x_reg[0]/C is not reached by a timing clock
Related violations: <none>

TIMING-17#178 Warning
Non-clocked sequential cell  
The clock pin pantalla/menu_inst/show_one_line_inst2/push_menu_minimat_x_reg[1]/C is not reached by a timing clock
Related violations: <none>

TIMING-17#179 Warning
Non-clocked sequential cell  
The clock pin pantalla/menu_inst/show_one_line_inst2/push_menu_minimat_x_reg[2]/C is not reached by a timing clock
Related violations: <none>

TIMING-17#180 Warning
Non-clocked sequential cell  
The clock pin pantalla/menu_inst/show_one_line_inst2/push_menu_minimat_x_reg[3]/C is not reached by a timing clock
Related violations: <none>

TIMING-17#181 Warning
Non-clocked sequential cell  
The clock pin pantalla/menu_inst/show_one_line_inst2/push_menu_minimat_x_reg[4]/C is not reached by a timing clock
Related violations: <none>

TIMING-17#182 Warning
Non-clocked sequential cell  
The clock pin pantalla/menu_inst/show_one_line_inst2/push_menu_minimat_x_reg[5]/C is not reached by a timing clock
Related violations: <none>

TIMING-17#183 Warning
Non-clocked sequential cell  
The clock pin pantalla/menu_inst/show_one_line_inst2/push_menu_minimat_x_reg[6]/C is not reached by a timing clock
Related violations: <none>

TIMING-17#184 Warning
Non-clocked sequential cell  
The clock pin pantalla/menu_inst/show_one_line_inst2/push_menu_minimat_x_reg[7]/C is not reached by a timing clock
Related violations: <none>

TIMING-17#185 Warning
Non-clocked sequential cell  
The clock pin pantalla/menu_inst/show_one_line_inst2/push_menu_minimat_y_reg[0]/C is not reached by a timing clock
Related violations: <none>

TIMING-17#186 Warning
Non-clocked sequential cell  
The clock pin pantalla/menu_inst/show_one_line_inst2/push_menu_minimat_y_reg[1]/C is not reached by a timing clock
Related violations: <none>

TIMING-17#187 Warning
Non-clocked sequential cell  
The clock pin pantalla/menu_inst/show_one_line_inst2/push_menu_minimat_y_reg[2]/C is not reached by a timing clock
Related violations: <none>

TIMING-17#188 Warning
Non-clocked sequential cell  
The clock pin pantalla/menu_inst/show_one_line_inst2/push_menu_minimat_y_reg[3]/C is not reached by a timing clock
Related violations: <none>

TIMING-17#189 Warning
Non-clocked sequential cell  
The clock pin pantalla/menu_inst/show_one_line_inst2/push_menu_minimat_y_reg[4]/C is not reached by a timing clock
Related violations: <none>

TIMING-17#190 Warning
Non-clocked sequential cell  
The clock pin pantalla/menu_inst/show_one_line_inst2/push_menu_minimat_y_reg[5]/C is not reached by a timing clock
Related violations: <none>

TIMING-17#191 Warning
Non-clocked sequential cell  
The clock pin pantalla/menu_inst/show_one_line_inst2/push_menu_minimat_y_reg[6]/C is not reached by a timing clock
Related violations: <none>

TIMING-17#192 Warning
Non-clocked sequential cell  
The clock pin pantalla/menu_inst/show_one_line_inst2/push_menu_minimat_y_reg[7]/C is not reached by a timing clock
Related violations: <none>

TIMING-17#193 Warning
Non-clocked sequential cell  
The clock pin pantalla/menu_inst/show_one_line_inst3/contador_pixels_horizontales_reg[0]/C is not reached by a timing clock
Related violations: <none>

TIMING-17#194 Warning
Non-clocked sequential cell  
The clock pin pantalla/menu_inst/show_one_line_inst3/contador_pixels_horizontales_reg[1]/C is not reached by a timing clock
Related violations: <none>

TIMING-17#195 Warning
Non-clocked sequential cell  
The clock pin pantalla/menu_inst/show_one_line_inst3/contador_pixels_horizontales_reg[2]/C is not reached by a timing clock
Related violations: <none>

TIMING-17#196 Warning
Non-clocked sequential cell  
The clock pin pantalla/menu_inst/show_one_line_inst3/contador_pixels_verticales_reg[0]/C is not reached by a timing clock
Related violations: <none>

TIMING-17#197 Warning
Non-clocked sequential cell  
The clock pin pantalla/menu_inst/show_one_line_inst3/contador_pixels_verticales_reg[1]/C is not reached by a timing clock
Related violations: <none>

TIMING-17#198 Warning
Non-clocked sequential cell  
The clock pin pantalla/menu_inst/show_one_line_inst3/contador_pixels_verticales_reg[2]/C is not reached by a timing clock
Related violations: <none>

TIMING-17#199 Warning
Non-clocked sequential cell  
The clock pin pantalla/menu_inst/show_one_line_inst3/menu_character_position_x_reg[0]/C is not reached by a timing clock
Related violations: <none>

TIMING-17#200 Warning
Non-clocked sequential cell  
The clock pin pantalla/menu_inst/show_one_line_inst3/menu_character_position_x_reg[1]/C is not reached by a timing clock
Related violations: <none>

TIMING-17#201 Warning
Non-clocked sequential cell  
The clock pin pantalla/menu_inst/show_one_line_inst3/menu_character_position_x_reg[2]/C is not reached by a timing clock
Related violations: <none>

TIMING-17#202 Warning
Non-clocked sequential cell  
The clock pin pantalla/menu_inst/show_one_line_inst3/menu_character_position_x_reg[3]/C is not reached by a timing clock
Related violations: <none>

TIMING-17#203 Warning
Non-clocked sequential cell  
The clock pin pantalla/menu_inst/show_one_line_inst3/menu_character_position_x_reg[4]/C is not reached by a timing clock
Related violations: <none>

TIMING-17#204 Warning
Non-clocked sequential cell  
The clock pin pantalla/menu_inst/show_one_line_inst3/menu_character_position_x_reg[5]/C is not reached by a timing clock
Related violations: <none>

TIMING-17#205 Warning
Non-clocked sequential cell  
The clock pin pantalla/menu_inst/show_one_line_inst3/pixel_x_to_show_reg[0]/C is not reached by a timing clock
Related violations: <none>

TIMING-17#206 Warning
Non-clocked sequential cell  
The clock pin pantalla/menu_inst/show_one_line_inst3/pixel_x_to_show_reg[1]/C is not reached by a timing clock
Related violations: <none>

TIMING-17#207 Warning
Non-clocked sequential cell  
The clock pin pantalla/menu_inst/show_one_line_inst3/pixel_x_to_show_reg[2]/C is not reached by a timing clock
Related violations: <none>

TIMING-17#208 Warning
Non-clocked sequential cell  
The clock pin pantalla/menu_inst/show_one_line_inst3/pixel_y_to_show_reg[0]/C is not reached by a timing clock
Related violations: <none>

TIMING-17#209 Warning
Non-clocked sequential cell  
The clock pin pantalla/menu_inst/show_one_line_inst3/pixel_y_to_show_reg[1]/C is not reached by a timing clock
Related violations: <none>

TIMING-17#210 Warning
Non-clocked sequential cell  
The clock pin pantalla/menu_inst/show_one_line_inst3/pixel_y_to_show_reg[2]/C is not reached by a timing clock
Related violations: <none>

TIMING-17#211 Warning
Non-clocked sequential cell  
The clock pin pantalla/menu_inst/show_one_line_inst3/push_menu_minimat_x_reg[0]/C is not reached by a timing clock
Related violations: <none>

TIMING-17#212 Warning
Non-clocked sequential cell  
The clock pin pantalla/menu_inst/show_one_line_inst3/push_menu_minimat_x_reg[1]/C is not reached by a timing clock
Related violations: <none>

TIMING-17#213 Warning
Non-clocked sequential cell  
The clock pin pantalla/menu_inst/show_one_line_inst3/push_menu_minimat_x_reg[2]/C is not reached by a timing clock
Related violations: <none>

TIMING-17#214 Warning
Non-clocked sequential cell  
The clock pin pantalla/menu_inst/show_one_line_inst3/push_menu_minimat_x_reg[3]/C is not reached by a timing clock
Related violations: <none>

TIMING-17#215 Warning
Non-clocked sequential cell  
The clock pin pantalla/menu_inst/show_one_line_inst3/push_menu_minimat_x_reg[4]/C is not reached by a timing clock
Related violations: <none>

TIMING-17#216 Warning
Non-clocked sequential cell  
The clock pin pantalla/menu_inst/show_one_line_inst3/push_menu_minimat_x_reg[5]/C is not reached by a timing clock
Related violations: <none>

TIMING-17#217 Warning
Non-clocked sequential cell  
The clock pin pantalla/menu_inst/show_one_line_inst3/push_menu_minimat_x_reg[6]/C is not reached by a timing clock
Related violations: <none>

TIMING-17#218 Warning
Non-clocked sequential cell  
The clock pin pantalla/menu_inst/show_one_line_inst3/push_menu_minimat_x_reg[7]/C is not reached by a timing clock
Related violations: <none>

TIMING-17#219 Warning
Non-clocked sequential cell  
The clock pin pantalla/menu_inst/show_one_line_inst3/push_menu_minimat_y_reg[0]/C is not reached by a timing clock
Related violations: <none>

TIMING-17#220 Warning
Non-clocked sequential cell  
The clock pin pantalla/menu_inst/show_one_line_inst3/push_menu_minimat_y_reg[1]/C is not reached by a timing clock
Related violations: <none>

TIMING-17#221 Warning
Non-clocked sequential cell  
The clock pin pantalla/menu_inst/show_one_line_inst3/push_menu_minimat_y_reg[2]/C is not reached by a timing clock
Related violations: <none>

TIMING-17#222 Warning
Non-clocked sequential cell  
The clock pin pantalla/menu_inst/show_one_line_inst3/push_menu_minimat_y_reg[3]/C is not reached by a timing clock
Related violations: <none>

TIMING-17#223 Warning
Non-clocked sequential cell  
The clock pin pantalla/menu_inst/show_one_line_inst3/push_menu_minimat_y_reg[4]/C is not reached by a timing clock
Related violations: <none>

TIMING-17#224 Warning
Non-clocked sequential cell  
The clock pin pantalla/menu_inst/show_one_line_inst3/push_menu_minimat_y_reg[5]/C is not reached by a timing clock
Related violations: <none>

TIMING-17#225 Warning
Non-clocked sequential cell  
The clock pin pantalla/menu_inst/show_one_line_inst3/push_menu_minimat_y_reg[6]/C is not reached by a timing clock
Related violations: <none>

TIMING-17#226 Warning
Non-clocked sequential cell  
The clock pin pantalla/menu_inst/show_one_line_inst3/push_menu_minimat_y_reg[7]/C is not reached by a timing clock
Related violations: <none>

TIMING-17#227 Warning
Non-clocked sequential cell  
The clock pin pantalla/menu_inst/show_one_line_inst4/contador_pixels_horizontales_reg[0]/C is not reached by a timing clock
Related violations: <none>

TIMING-17#228 Warning
Non-clocked sequential cell  
The clock pin pantalla/menu_inst/show_one_line_inst4/contador_pixels_horizontales_reg[1]/C is not reached by a timing clock
Related violations: <none>

TIMING-17#229 Warning
Non-clocked sequential cell  
The clock pin pantalla/menu_inst/show_one_line_inst4/contador_pixels_horizontales_reg[2]/C is not reached by a timing clock
Related violations: <none>

TIMING-17#230 Warning
Non-clocked sequential cell  
The clock pin pantalla/menu_inst/show_one_line_inst4/contador_pixels_verticales_reg[0]/C is not reached by a timing clock
Related violations: <none>

TIMING-17#231 Warning
Non-clocked sequential cell  
The clock pin pantalla/menu_inst/show_one_line_inst4/contador_pixels_verticales_reg[1]/C is not reached by a timing clock
Related violations: <none>

TIMING-17#232 Warning
Non-clocked sequential cell  
The clock pin pantalla/menu_inst/show_one_line_inst4/contador_pixels_verticales_reg[2]/C is not reached by a timing clock
Related violations: <none>

TIMING-17#233 Warning
Non-clocked sequential cell  
The clock pin pantalla/menu_inst/show_one_line_inst4/menu_character_position_x_reg[0]/C is not reached by a timing clock
Related violations: <none>

TIMING-17#234 Warning
Non-clocked sequential cell  
The clock pin pantalla/menu_inst/show_one_line_inst4/menu_character_position_x_reg[1]/C is not reached by a timing clock
Related violations: <none>

TIMING-17#235 Warning
Non-clocked sequential cell  
The clock pin pantalla/menu_inst/show_one_line_inst4/menu_character_position_x_reg[2]/C is not reached by a timing clock
Related violations: <none>

TIMING-17#236 Warning
Non-clocked sequential cell  
The clock pin pantalla/menu_inst/show_one_line_inst4/menu_character_position_x_reg[3]/C is not reached by a timing clock
Related violations: <none>

TIMING-17#237 Warning
Non-clocked sequential cell  
The clock pin pantalla/menu_inst/show_one_line_inst4/menu_character_position_x_reg[4]/C is not reached by a timing clock
Related violations: <none>

TIMING-17#238 Warning
Non-clocked sequential cell  
The clock pin pantalla/menu_inst/show_one_line_inst4/menu_character_position_x_reg[5]/C is not reached by a timing clock
Related violations: <none>

TIMING-17#239 Warning
Non-clocked sequential cell  
The clock pin pantalla/menu_inst/show_one_line_inst4/pixel_x_to_show_reg[0]/C is not reached by a timing clock
Related violations: <none>

TIMING-17#240 Warning
Non-clocked sequential cell  
The clock pin pantalla/menu_inst/show_one_line_inst4/pixel_x_to_show_reg[1]/C is not reached by a timing clock
Related violations: <none>

TIMING-17#241 Warning
Non-clocked sequential cell  
The clock pin pantalla/menu_inst/show_one_line_inst4/pixel_x_to_show_reg[2]/C is not reached by a timing clock
Related violations: <none>

TIMING-17#242 Warning
Non-clocked sequential cell  
The clock pin pantalla/menu_inst/show_one_line_inst4/pixel_y_to_show_reg[0]/C is not reached by a timing clock
Related violations: <none>

TIMING-17#243 Warning
Non-clocked sequential cell  
The clock pin pantalla/menu_inst/show_one_line_inst4/pixel_y_to_show_reg[1]/C is not reached by a timing clock
Related violations: <none>

TIMING-17#244 Warning
Non-clocked sequential cell  
The clock pin pantalla/menu_inst/show_one_line_inst4/pixel_y_to_show_reg[2]/C is not reached by a timing clock
Related violations: <none>

TIMING-17#245 Warning
Non-clocked sequential cell  
The clock pin pantalla/menu_inst/show_one_line_inst4/push_menu_minimat_x_reg[0]/C is not reached by a timing clock
Related violations: <none>

TIMING-17#246 Warning
Non-clocked sequential cell  
The clock pin pantalla/menu_inst/show_one_line_inst4/push_menu_minimat_x_reg[1]/C is not reached by a timing clock
Related violations: <none>

TIMING-17#247 Warning
Non-clocked sequential cell  
The clock pin pantalla/menu_inst/show_one_line_inst4/push_menu_minimat_x_reg[2]/C is not reached by a timing clock
Related violations: <none>

TIMING-17#248 Warning
Non-clocked sequential cell  
The clock pin pantalla/menu_inst/show_one_line_inst4/push_menu_minimat_x_reg[3]/C is not reached by a timing clock
Related violations: <none>

TIMING-17#249 Warning
Non-clocked sequential cell  
The clock pin pantalla/menu_inst/show_one_line_inst4/push_menu_minimat_x_reg[4]/C is not reached by a timing clock
Related violations: <none>

TIMING-17#250 Warning
Non-clocked sequential cell  
The clock pin pantalla/menu_inst/show_one_line_inst4/push_menu_minimat_x_reg[5]/C is not reached by a timing clock
Related violations: <none>

TIMING-17#251 Warning
Non-clocked sequential cell  
The clock pin pantalla/menu_inst/show_one_line_inst4/push_menu_minimat_x_reg[6]/C is not reached by a timing clock
Related violations: <none>

TIMING-17#252 Warning
Non-clocked sequential cell  
The clock pin pantalla/menu_inst/show_one_line_inst4/push_menu_minimat_x_reg[7]/C is not reached by a timing clock
Related violations: <none>

TIMING-17#253 Warning
Non-clocked sequential cell  
The clock pin pantalla/menu_inst/show_one_line_inst4/push_menu_minimat_y_reg[0]/C is not reached by a timing clock
Related violations: <none>

TIMING-17#254 Warning
Non-clocked sequential cell  
The clock pin pantalla/menu_inst/show_one_line_inst4/push_menu_minimat_y_reg[1]/C is not reached by a timing clock
Related violations: <none>

TIMING-17#255 Warning
Non-clocked sequential cell  
The clock pin pantalla/menu_inst/show_one_line_inst4/push_menu_minimat_y_reg[2]/C is not reached by a timing clock
Related violations: <none>

TIMING-17#256 Warning
Non-clocked sequential cell  
The clock pin pantalla/menu_inst/show_one_line_inst4/push_menu_minimat_y_reg[3]/C is not reached by a timing clock
Related violations: <none>

TIMING-17#257 Warning
Non-clocked sequential cell  
The clock pin pantalla/menu_inst/show_one_line_inst4/push_menu_minimat_y_reg[4]/C is not reached by a timing clock
Related violations: <none>

TIMING-17#258 Warning
Non-clocked sequential cell  
The clock pin pantalla/menu_inst/show_one_line_inst4/push_menu_minimat_y_reg[5]/C is not reached by a timing clock
Related violations: <none>

TIMING-17#259 Warning
Non-clocked sequential cell  
The clock pin pantalla/menu_inst/show_one_line_inst4/push_menu_minimat_y_reg[6]/C is not reached by a timing clock
Related violations: <none>

TIMING-17#260 Warning
Non-clocked sequential cell  
The clock pin pantalla/menu_inst/show_one_line_inst4/push_menu_minimat_y_reg[7]/C is not reached by a timing clock
Related violations: <none>

TIMING-17#261 Warning
Non-clocked sequential cell  
The clock pin pantalla/menu_inst/show_one_line_inst5/contador_pixels_horizontales_reg[0]/C is not reached by a timing clock
Related violations: <none>

TIMING-17#262 Warning
Non-clocked sequential cell  
The clock pin pantalla/menu_inst/show_one_line_inst5/contador_pixels_horizontales_reg[1]/C is not reached by a timing clock
Related violations: <none>

TIMING-17#263 Warning
Non-clocked sequential cell  
The clock pin pantalla/menu_inst/show_one_line_inst5/contador_pixels_horizontales_reg[2]/C is not reached by a timing clock
Related violations: <none>

TIMING-17#264 Warning
Non-clocked sequential cell  
The clock pin pantalla/menu_inst/show_one_line_inst5/contador_pixels_verticales_reg[0]/C is not reached by a timing clock
Related violations: <none>

TIMING-17#265 Warning
Non-clocked sequential cell  
The clock pin pantalla/menu_inst/show_one_line_inst5/contador_pixels_verticales_reg[1]/C is not reached by a timing clock
Related violations: <none>

TIMING-17#266 Warning
Non-clocked sequential cell  
The clock pin pantalla/menu_inst/show_one_line_inst5/contador_pixels_verticales_reg[2]/C is not reached by a timing clock
Related violations: <none>

TIMING-17#267 Warning
Non-clocked sequential cell  
The clock pin pantalla/menu_inst/show_one_line_inst5/menu_character_position_x_reg[0]/C is not reached by a timing clock
Related violations: <none>

TIMING-17#268 Warning
Non-clocked sequential cell  
The clock pin pantalla/menu_inst/show_one_line_inst5/menu_character_position_x_reg[1]/C is not reached by a timing clock
Related violations: <none>

TIMING-17#269 Warning
Non-clocked sequential cell  
The clock pin pantalla/menu_inst/show_one_line_inst5/menu_character_position_x_reg[2]/C is not reached by a timing clock
Related violations: <none>

TIMING-17#270 Warning
Non-clocked sequential cell  
The clock pin pantalla/menu_inst/show_one_line_inst5/menu_character_position_x_reg[3]/C is not reached by a timing clock
Related violations: <none>

TIMING-17#271 Warning
Non-clocked sequential cell  
The clock pin pantalla/menu_inst/show_one_line_inst5/menu_character_position_x_reg[4]/C is not reached by a timing clock
Related violations: <none>

TIMING-17#272 Warning
Non-clocked sequential cell  
The clock pin pantalla/menu_inst/show_one_line_inst5/menu_character_position_x_reg[5]/C is not reached by a timing clock
Related violations: <none>

TIMING-17#273 Warning
Non-clocked sequential cell  
The clock pin pantalla/menu_inst/show_one_line_inst5/pixel_x_to_show_reg[0]/C is not reached by a timing clock
Related violations: <none>

TIMING-17#274 Warning
Non-clocked sequential cell  
The clock pin pantalla/menu_inst/show_one_line_inst5/pixel_x_to_show_reg[1]/C is not reached by a timing clock
Related violations: <none>

TIMING-17#275 Warning
Non-clocked sequential cell  
The clock pin pantalla/menu_inst/show_one_line_inst5/pixel_x_to_show_reg[2]/C is not reached by a timing clock
Related violations: <none>

TIMING-17#276 Warning
Non-clocked sequential cell  
The clock pin pantalla/menu_inst/show_one_line_inst5/pixel_y_to_show_reg[0]/C is not reached by a timing clock
Related violations: <none>

TIMING-17#277 Warning
Non-clocked sequential cell  
The clock pin pantalla/menu_inst/show_one_line_inst5/pixel_y_to_show_reg[1]/C is not reached by a timing clock
Related violations: <none>

TIMING-17#278 Warning
Non-clocked sequential cell  
The clock pin pantalla/menu_inst/show_one_line_inst5/pixel_y_to_show_reg[2]/C is not reached by a timing clock
Related violations: <none>

TIMING-17#279 Warning
Non-clocked sequential cell  
The clock pin pantalla/menu_inst/show_one_line_inst5/push_menu_minimat_x_reg[0]/C is not reached by a timing clock
Related violations: <none>

TIMING-17#280 Warning
Non-clocked sequential cell  
The clock pin pantalla/menu_inst/show_one_line_inst5/push_menu_minimat_x_reg[1]/C is not reached by a timing clock
Related violations: <none>

TIMING-17#281 Warning
Non-clocked sequential cell  
The clock pin pantalla/menu_inst/show_one_line_inst5/push_menu_minimat_x_reg[2]/C is not reached by a timing clock
Related violations: <none>

TIMING-17#282 Warning
Non-clocked sequential cell  
The clock pin pantalla/menu_inst/show_one_line_inst5/push_menu_minimat_x_reg[3]/C is not reached by a timing clock
Related violations: <none>

TIMING-17#283 Warning
Non-clocked sequential cell  
The clock pin pantalla/menu_inst/show_one_line_inst5/push_menu_minimat_x_reg[4]/C is not reached by a timing clock
Related violations: <none>

TIMING-17#284 Warning
Non-clocked sequential cell  
The clock pin pantalla/menu_inst/show_one_line_inst5/push_menu_minimat_x_reg[5]/C is not reached by a timing clock
Related violations: <none>

TIMING-17#285 Warning
Non-clocked sequential cell  
The clock pin pantalla/menu_inst/show_one_line_inst5/push_menu_minimat_x_reg[6]/C is not reached by a timing clock
Related violations: <none>

TIMING-17#286 Warning
Non-clocked sequential cell  
The clock pin pantalla/menu_inst/show_one_line_inst5/push_menu_minimat_x_reg[7]/C is not reached by a timing clock
Related violations: <none>

TIMING-17#287 Warning
Non-clocked sequential cell  
The clock pin pantalla/menu_inst/show_one_line_inst5/push_menu_minimat_y_reg[0]/C is not reached by a timing clock
Related violations: <none>

TIMING-17#288 Warning
Non-clocked sequential cell  
The clock pin pantalla/menu_inst/show_one_line_inst5/push_menu_minimat_y_reg[1]/C is not reached by a timing clock
Related violations: <none>

TIMING-17#289 Warning
Non-clocked sequential cell  
The clock pin pantalla/menu_inst/show_one_line_inst5/push_menu_minimat_y_reg[2]/C is not reached by a timing clock
Related violations: <none>

TIMING-17#290 Warning
Non-clocked sequential cell  
The clock pin pantalla/menu_inst/show_one_line_inst5/push_menu_minimat_y_reg[3]/C is not reached by a timing clock
Related violations: <none>

TIMING-17#291 Warning
Non-clocked sequential cell  
The clock pin pantalla/menu_inst/show_one_line_inst5/push_menu_minimat_y_reg[4]/C is not reached by a timing clock
Related violations: <none>

TIMING-17#292 Warning
Non-clocked sequential cell  
The clock pin pantalla/menu_inst/show_one_line_inst5/push_menu_minimat_y_reg[5]/C is not reached by a timing clock
Related violations: <none>

TIMING-17#293 Warning
Non-clocked sequential cell  
The clock pin pantalla/menu_inst/show_one_line_inst5/push_menu_minimat_y_reg[6]/C is not reached by a timing clock
Related violations: <none>

TIMING-17#294 Warning
Non-clocked sequential cell  
The clock pin pantalla/menu_inst/show_one_line_inst5/push_menu_minimat_y_reg[7]/C is not reached by a timing clock
Related violations: <none>

TIMING-17#295 Warning
Non-clocked sequential cell  
The clock pin pantalla/pianito_inst/esk/contador_pixels_horizontales_reg[0]/C is not reached by a timing clock
Related violations: <none>

TIMING-17#296 Warning
Non-clocked sequential cell  
The clock pin pantalla/pianito_inst/esk/contador_pixels_horizontales_reg[1]/C is not reached by a timing clock
Related violations: <none>

TIMING-17#297 Warning
Non-clocked sequential cell  
The clock pin pantalla/pianito_inst/esk/contador_pixels_horizontales_reg[2]/C is not reached by a timing clock
Related violations: <none>

TIMING-17#298 Warning
Non-clocked sequential cell  
The clock pin pantalla/pianito_inst/esk/contador_pixels_verticales_reg[0]/C is not reached by a timing clock
Related violations: <none>

TIMING-17#299 Warning
Non-clocked sequential cell  
The clock pin pantalla/pianito_inst/esk/contador_pixels_verticales_reg[1]/C is not reached by a timing clock
Related violations: <none>

TIMING-17#300 Warning
Non-clocked sequential cell  
The clock pin pantalla/pianito_inst/esk/contador_pixels_verticales_reg[2]/C is not reached by a timing clock
Related violations: <none>

TIMING-17#301 Warning
Non-clocked sequential cell  
The clock pin pantalla/pianito_inst/esk/menu_character_position_x_reg[0]/C is not reached by a timing clock
Related violations: <none>

TIMING-17#302 Warning
Non-clocked sequential cell  
The clock pin pantalla/pianito_inst/esk/menu_character_position_x_reg[1]/C is not reached by a timing clock
Related violations: <none>

TIMING-17#303 Warning
Non-clocked sequential cell  
The clock pin pantalla/pianito_inst/esk/menu_character_position_x_reg[2]/C is not reached by a timing clock
Related violations: <none>

TIMING-17#304 Warning
Non-clocked sequential cell  
The clock pin pantalla/pianito_inst/esk/menu_character_position_x_reg[3]/C is not reached by a timing clock
Related violations: <none>

TIMING-17#305 Warning
Non-clocked sequential cell  
The clock pin pantalla/pianito_inst/esk/menu_character_position_x_reg[4]/C is not reached by a timing clock
Related violations: <none>

TIMING-17#306 Warning
Non-clocked sequential cell  
The clock pin pantalla/pianito_inst/esk/menu_character_position_x_reg[5]/C is not reached by a timing clock
Related violations: <none>

TIMING-17#307 Warning
Non-clocked sequential cell  
The clock pin pantalla/pianito_inst/esk/pixel_x_to_show_reg[0]/C is not reached by a timing clock
Related violations: <none>

TIMING-17#308 Warning
Non-clocked sequential cell  
The clock pin pantalla/pianito_inst/esk/pixel_x_to_show_reg[1]/C is not reached by a timing clock
Related violations: <none>

TIMING-17#309 Warning
Non-clocked sequential cell  
The clock pin pantalla/pianito_inst/esk/pixel_x_to_show_reg[2]/C is not reached by a timing clock
Related violations: <none>

TIMING-17#310 Warning
Non-clocked sequential cell  
The clock pin pantalla/pianito_inst/esk/pixel_y_to_show_reg[0]/C is not reached by a timing clock
Related violations: <none>

TIMING-17#311 Warning
Non-clocked sequential cell  
The clock pin pantalla/pianito_inst/esk/pixel_y_to_show_reg[1]/C is not reached by a timing clock
Related violations: <none>

TIMING-17#312 Warning
Non-clocked sequential cell  
The clock pin pantalla/pianito_inst/esk/pixel_y_to_show_reg[2]/C is not reached by a timing clock
Related violations: <none>

TIMING-17#313 Warning
Non-clocked sequential cell  
The clock pin pantalla/pianito_inst/esk/push_menu_minimat_x_reg[0]/C is not reached by a timing clock
Related violations: <none>

TIMING-17#314 Warning
Non-clocked sequential cell  
The clock pin pantalla/pianito_inst/esk/push_menu_minimat_x_reg[1]/C is not reached by a timing clock
Related violations: <none>

TIMING-17#315 Warning
Non-clocked sequential cell  
The clock pin pantalla/pianito_inst/esk/push_menu_minimat_x_reg[2]/C is not reached by a timing clock
Related violations: <none>

TIMING-17#316 Warning
Non-clocked sequential cell  
The clock pin pantalla/pianito_inst/esk/push_menu_minimat_x_reg[3]/C is not reached by a timing clock
Related violations: <none>

TIMING-17#317 Warning
Non-clocked sequential cell  
The clock pin pantalla/pianito_inst/esk/push_menu_minimat_x_reg[4]/C is not reached by a timing clock
Related violations: <none>

TIMING-17#318 Warning
Non-clocked sequential cell  
The clock pin pantalla/pianito_inst/esk/push_menu_minimat_x_reg[5]/C is not reached by a timing clock
Related violations: <none>

TIMING-17#319 Warning
Non-clocked sequential cell  
The clock pin pantalla/pianito_inst/esk/push_menu_minimat_x_reg[6]/C is not reached by a timing clock
Related violations: <none>

TIMING-17#320 Warning
Non-clocked sequential cell  
The clock pin pantalla/pianito_inst/esk/push_menu_minimat_x_reg[7]/C is not reached by a timing clock
Related violations: <none>

TIMING-17#321 Warning
Non-clocked sequential cell  
The clock pin pantalla/pianito_inst/esk/push_menu_minimat_y_reg[0]/C is not reached by a timing clock
Related violations: <none>

TIMING-17#322 Warning
Non-clocked sequential cell  
The clock pin pantalla/pianito_inst/esk/push_menu_minimat_y_reg[1]/C is not reached by a timing clock
Related violations: <none>

TIMING-17#323 Warning
Non-clocked sequential cell  
The clock pin pantalla/pianito_inst/esk/push_menu_minimat_y_reg[2]/C is not reached by a timing clock
Related violations: <none>

TIMING-17#324 Warning
Non-clocked sequential cell  
The clock pin pantalla/pianito_inst/esk/push_menu_minimat_y_reg[3]/C is not reached by a timing clock
Related violations: <none>

TIMING-17#325 Warning
Non-clocked sequential cell  
The clock pin pantalla/pianito_inst/esk/push_menu_minimat_y_reg[4]/C is not reached by a timing clock
Related violations: <none>

TIMING-17#326 Warning
Non-clocked sequential cell  
The clock pin pantalla/pianito_inst/esk/push_menu_minimat_y_reg[5]/C is not reached by a timing clock
Related violations: <none>

TIMING-17#327 Warning
Non-clocked sequential cell  
The clock pin pantalla/pianito_inst/esk/push_menu_minimat_y_reg[6]/C is not reached by a timing clock
Related violations: <none>

TIMING-17#328 Warning
Non-clocked sequential cell  
The clock pin pantalla/pianito_inst/esk/push_menu_minimat_y_reg[7]/C is not reached by a timing clock
Related violations: <none>

TIMING-17#329 Warning
Non-clocked sequential cell  
The clock pin pantalla/pianito_inst/graban2/contador_pixels_horizontales_reg[0]/C is not reached by a timing clock
Related violations: <none>

TIMING-17#330 Warning
Non-clocked sequential cell  
The clock pin pantalla/pianito_inst/graban2/contador_pixels_horizontales_reg[1]/C is not reached by a timing clock
Related violations: <none>

TIMING-17#331 Warning
Non-clocked sequential cell  
The clock pin pantalla/pianito_inst/graban2/contador_pixels_horizontales_reg[2]/C is not reached by a timing clock
Related violations: <none>

TIMING-17#332 Warning
Non-clocked sequential cell  
The clock pin pantalla/pianito_inst/graban2/contador_pixels_verticales_reg[0]/C is not reached by a timing clock
Related violations: <none>

TIMING-17#333 Warning
Non-clocked sequential cell  
The clock pin pantalla/pianito_inst/graban2/contador_pixels_verticales_reg[1]/C is not reached by a timing clock
Related violations: <none>

TIMING-17#334 Warning
Non-clocked sequential cell  
The clock pin pantalla/pianito_inst/graban2/contador_pixels_verticales_reg[2]/C is not reached by a timing clock
Related violations: <none>

TIMING-17#335 Warning
Non-clocked sequential cell  
The clock pin pantalla/pianito_inst/graban2/menu_character_position_x_reg[0]/C is not reached by a timing clock
Related violations: <none>

TIMING-17#336 Warning
Non-clocked sequential cell  
The clock pin pantalla/pianito_inst/graban2/menu_character_position_x_reg[1]/C is not reached by a timing clock
Related violations: <none>

TIMING-17#337 Warning
Non-clocked sequential cell  
The clock pin pantalla/pianito_inst/graban2/menu_character_position_x_reg[2]/C is not reached by a timing clock
Related violations: <none>

TIMING-17#338 Warning
Non-clocked sequential cell  
The clock pin pantalla/pianito_inst/graban2/menu_character_position_x_reg[3]/C is not reached by a timing clock
Related violations: <none>

TIMING-17#339 Warning
Non-clocked sequential cell  
The clock pin pantalla/pianito_inst/graban2/menu_character_position_x_reg[4]/C is not reached by a timing clock
Related violations: <none>

TIMING-17#340 Warning
Non-clocked sequential cell  
The clock pin pantalla/pianito_inst/graban2/menu_character_position_x_reg[5]/C is not reached by a timing clock
Related violations: <none>

TIMING-17#341 Warning
Non-clocked sequential cell  
The clock pin pantalla/pianito_inst/graban2/pixel_x_to_show_reg[0]/C is not reached by a timing clock
Related violations: <none>

TIMING-17#342 Warning
Non-clocked sequential cell  
The clock pin pantalla/pianito_inst/graban2/pixel_x_to_show_reg[1]/C is not reached by a timing clock
Related violations: <none>

TIMING-17#343 Warning
Non-clocked sequential cell  
The clock pin pantalla/pianito_inst/graban2/pixel_x_to_show_reg[2]/C is not reached by a timing clock
Related violations: <none>

TIMING-17#344 Warning
Non-clocked sequential cell  
The clock pin pantalla/pianito_inst/graban2/pixel_y_to_show_reg[0]/C is not reached by a timing clock
Related violations: <none>

TIMING-17#345 Warning
Non-clocked sequential cell  
The clock pin pantalla/pianito_inst/graban2/pixel_y_to_show_reg[1]/C is not reached by a timing clock
Related violations: <none>

TIMING-17#346 Warning
Non-clocked sequential cell  
The clock pin pantalla/pianito_inst/graban2/pixel_y_to_show_reg[2]/C is not reached by a timing clock
Related violations: <none>

TIMING-17#347 Warning
Non-clocked sequential cell  
The clock pin pantalla/pianito_inst/graban2/push_menu_minimat_x_reg[0]/C is not reached by a timing clock
Related violations: <none>

TIMING-17#348 Warning
Non-clocked sequential cell  
The clock pin pantalla/pianito_inst/graban2/push_menu_minimat_x_reg[1]/C is not reached by a timing clock
Related violations: <none>

TIMING-17#349 Warning
Non-clocked sequential cell  
The clock pin pantalla/pianito_inst/graban2/push_menu_minimat_x_reg[2]/C is not reached by a timing clock
Related violations: <none>

TIMING-17#350 Warning
Non-clocked sequential cell  
The clock pin pantalla/pianito_inst/graban2/push_menu_minimat_x_reg[3]/C is not reached by a timing clock
Related violations: <none>

TIMING-17#351 Warning
Non-clocked sequential cell  
The clock pin pantalla/pianito_inst/graban2/push_menu_minimat_x_reg[4]/C is not reached by a timing clock
Related violations: <none>

TIMING-17#352 Warning
Non-clocked sequential cell  
The clock pin pantalla/pianito_inst/graban2/push_menu_minimat_x_reg[5]/C is not reached by a timing clock
Related violations: <none>

TIMING-17#353 Warning
Non-clocked sequential cell  
The clock pin pantalla/pianito_inst/graban2/push_menu_minimat_x_reg[6]/C is not reached by a timing clock
Related violations: <none>

TIMING-17#354 Warning
Non-clocked sequential cell  
The clock pin pantalla/pianito_inst/graban2/push_menu_minimat_x_reg[7]/C is not reached by a timing clock
Related violations: <none>

TIMING-17#355 Warning
Non-clocked sequential cell  
The clock pin pantalla/pianito_inst/graban2/push_menu_minimat_y_reg[0]/C is not reached by a timing clock
Related violations: <none>

TIMING-17#356 Warning
Non-clocked sequential cell  
The clock pin pantalla/pianito_inst/graban2/push_menu_minimat_y_reg[1]/C is not reached by a timing clock
Related violations: <none>

TIMING-17#357 Warning
Non-clocked sequential cell  
The clock pin pantalla/pianito_inst/graban2/push_menu_minimat_y_reg[2]/C is not reached by a timing clock
Related violations: <none>

TIMING-17#358 Warning
Non-clocked sequential cell  
The clock pin pantalla/pianito_inst/graban2/push_menu_minimat_y_reg[3]/C is not reached by a timing clock
Related violations: <none>

TIMING-17#359 Warning
Non-clocked sequential cell  
The clock pin pantalla/pianito_inst/graban2/push_menu_minimat_y_reg[4]/C is not reached by a timing clock
Related violations: <none>

TIMING-17#360 Warning
Non-clocked sequential cell  
The clock pin pantalla/pianito_inst/graban2/push_menu_minimat_y_reg[5]/C is not reached by a timing clock
Related violations: <none>

TIMING-17#361 Warning
Non-clocked sequential cell  
The clock pin pantalla/pianito_inst/graban2/push_menu_minimat_y_reg[6]/C is not reached by a timing clock
Related violations: <none>

TIMING-17#362 Warning
Non-clocked sequential cell  
The clock pin pantalla/pianito_inst/graban2/push_menu_minimat_y_reg[7]/C is not reached by a timing clock
Related violations: <none>

TIMING-18#1 Warning
Missing input or output delay  
An input delay is missing on CPU_RESETN relative to clock(s) sys_clk_pin 
Related violations: <none>

TIMING-18#2 Warning
Missing input or output delay  
An input delay is missing on PS2_CLK relative to clock(s) sys_clk_pin 
Related violations: <none>

TIMING-18#3 Warning
Missing input or output delay  
An input delay is missing on PS2_DATA relative to clock(s) sys_clk_pin 
Related violations: <none>

TIMING-18#4 Warning
Missing input or output delay  
An output delay is missing on CA relative to clock(s) sys_clk_pin 
Related violations: <none>

TIMING-18#5 Warning
Missing input or output delay  
An output delay is missing on CB relative to clock(s) sys_clk_pin 
Related violations: <none>

TIMING-18#6 Warning
Missing input or output delay  
An output delay is missing on CC relative to clock(s) sys_clk_pin 
Related violations: <none>

TIMING-18#7 Warning
Missing input or output delay  
An output delay is missing on CD relative to clock(s) sys_clk_pin 
Related violations: <none>

TIMING-18#8 Warning
Missing input or output delay  
An output delay is missing on CE relative to clock(s) sys_clk_pin 
Related violations: <none>

TIMING-18#9 Warning
Missing input or output delay  
An output delay is missing on CF relative to clock(s) sys_clk_pin 
Related violations: <none>

TIMING-18#10 Warning
Missing input or output delay  
An output delay is missing on CG relative to clock(s) sys_clk_pin 
Related violations: <none>

TIMING-18#11 Warning
Missing input or output delay  
An output delay is missing on VGA_B[0] relative to clock(s) sys_clk_pin 
Related violations: <none>

TIMING-18#12 Warning
Missing input or output delay  
An output delay is missing on VGA_B[1] relative to clock(s) sys_clk_pin 
Related violations: <none>

TIMING-18#13 Warning
Missing input or output delay  
An output delay is missing on VGA_B[2] relative to clock(s) sys_clk_pin 
Related violations: <none>

TIMING-18#14 Warning
Missing input or output delay  
An output delay is missing on VGA_B[3] relative to clock(s) sys_clk_pin 
Related violations: <none>

TIMING-18#15 Warning
Missing input or output delay  
An output delay is missing on VGA_G[0] relative to clock(s) sys_clk_pin 
Related violations: <none>

TIMING-18#16 Warning
Missing input or output delay  
An output delay is missing on VGA_G[1] relative to clock(s) sys_clk_pin 
Related violations: <none>

TIMING-18#17 Warning
Missing input or output delay  
An output delay is missing on VGA_G[2] relative to clock(s) sys_clk_pin 
Related violations: <none>

TIMING-18#18 Warning
Missing input or output delay  
An output delay is missing on VGA_G[3] relative to clock(s) sys_clk_pin 
Related violations: <none>

TIMING-18#19 Warning
Missing input or output delay  
An output delay is missing on VGA_R[0] relative to clock(s) sys_clk_pin 
Related violations: <none>

TIMING-18#20 Warning
Missing input or output delay  
An output delay is missing on VGA_R[1] relative to clock(s) sys_clk_pin 
Related violations: <none>

TIMING-18#21 Warning
Missing input or output delay  
An output delay is missing on VGA_R[2] relative to clock(s) sys_clk_pin 
Related violations: <none>

TIMING-18#22 Warning
Missing input or output delay  
An output delay is missing on VGA_R[3] relative to clock(s) sys_clk_pin 
Related violations: <none>


